<?xml version="1.0" encoding="UTF-8"?>
<!-- Generated by org.testng.reporters.JUnitReportReporter -->
<testsuite skipped="0" hostname="HUSSAIN" name="org.testsample.Amazon" tests="1" failures="0" timestamp="15 Dec 2020 13:21:51 GMT" time="23.513" errors="0">
  <testcase name="viewProduct" time="23.513" classname="org.testsample.Amazon"/>
</testsuite> <!-- org.testsample.Amazon -->
