<?xml version="1.0" encoding="UTF-8"?>
<!-- Generated by org.testng.reporters.JUnitReportReporter -->
<testsuite skipped="0" hostname="HUSSAIN" name="org.test.Example" tests="3" failures="0" timestamp="13 Dec 2020 13:01:02 GMT" time="0.050" errors="0">
  <testcase name="method3" time="0.006" classname="org.test.Example"/>
  <testcase name="method2" time="0.031" classname="org.test.Example"/>
  <testcase name="method4" time="0.013" classname="org.test.Example"/>
</testsuite> <!-- org.test.Example -->
